#
# A fatal error has been detected by the Java Runtime Environment:
#
#  Internal Error (javaClasses.cpp:129), pid=3756, tid=5540
#  fatal error: Invalid layout of preloaded class
#
# JRE version: 7.0_07-b11
# Java VM: Java HotSpot(TM) Client VM (23.3-b01 mixed mode windows-x86 )
# Failed to write core dump. Minidumps are not enabled by default on client versions of Windows
#
# If you would like to submit a bug report, please visit:
#   http://bugreport.sun.com/bugreport/crash.jsp
#

---------------  T H R E A D  ---------------

Current thread (0x012bb400):  JavaThread "Unknown thread" [_thread_in_vm, id=5540, stack(0x01170000,0x011c0000)]

Stack: [0x01170000,0x011c0000],  sp=0x011bf880,  free space=318k
Native frames: (J=compiled Java code, j=interpreted, Vv=VM code, C=native code)
V  [jvm.dll+0x16f2f1]
V  [jvm.dll+0x169496]
V  [jvm.dll+0x2082f]
V  [jvm.dll+0x208b6]
V  [jvm.dll+0x2e64d]
V  [jvm.dll+0x2e8f9]
V  [jvm.dll+0x77d01]
V  [jvm.dll+0x780bb]
V  [jvm.dll+0x1290e1]
V  [jvm.dll+0x149b8a]
V  [jvm.dll+0xa997f]
C  [javaw.exe+0x1359]
C  [javaw.exe+0x1dbb]
C  [javaw.exe+0xa0eb]
C  [javaw.exe+0xa175]
C  [kernel32.dll+0x43823]  BaseThreadInitThunk+0x12
C  [ntdll.dll+0x3a9bd]  LdrInitializeThunk+0x4d


---------------  P R O C E S S  ---------------

Java Threads: ( => current thread )

Other Threads:

=>0x012bb400 (exited) JavaThread "Unknown thread" [_thread_in_vm, id=5540, stack(0x01170000,0x011c0000)]

VM state:not at safepoint (not fully initialized)

VM Mutex/Monitor currently owned by a thread: None

GC Heap History (0 events):
No events

Deoptimization events (0 events):
No events

Internal exceptions (0 events):
No events

Events (10 events):
Event: 0.014 loading class 0x00fd6ec0 done
Event: 0.015 loading class 0x012bfbc8 done
Event: 0.015 loading class 0x012bfba0
Event: 0.015 loading class 0x01047f10
Event: 0.015 loading class 0x01047f10 done
Event: 0.015 loading class 0x01047f48
Event: 0.015 loading class 0x01047f48 done
Event: 0.015 loading class 0x0103d958
Event: 0.015 loading class 0x0103d958 done
Event: 0.015 loading class 0x012bfba0 done


Dynamic libraries:
0x010e0000 - 0x0110f000 	C:\Program Files\Java\jre7\bin\javaw.exe
0x77000000 - 0x7711e000 	C:\Windows\system32\ntdll.dll
0x74f50000 - 0x75028000 	C:\Windows\system32\kernel32.dll
0x76360000 - 0x7641f000 	C:\Windows\system32\ADVAPI32.dll
0x75330000 - 0x753f3000 	C:\Windows\system32\RPCRT4.dll
0x762c0000 - 0x7635e000 	C:\Windows\system32\USER32.dll
0x75260000 - 0x752ab000 	C:\Windows\system32\GDI32.dll
0x73c20000 - 0x73db4000 	C:\Windows\WinSxS\x86_microsoft.windows.common-controls_6595b64144ccf1df_6.0.6000.16386_none_5d07289e07e1d100\COMCTL32.dll
0x75060000 - 0x7510a000 	C:\Windows\system32\msvcrt.dll
0x766d0000 - 0x76725000 	C:\Windows\system32\SHLWAPI.dll
0x75590000 - 0x755ae000 	C:\Windows\system32\IMM32.DLL
0x74e80000 - 0x74f47000 	C:\Windows\system32\MSCTF.dll
0x767d0000 - 0x767d9000 	C:\Windows\system32\LPK.DLL
0x75600000 - 0x7567d000 	C:\Windows\system32\USP10.dll
0x62be0000 - 0x62c9e000 	C:\Program Files\Java\jre7\bin\msvcr100.dll
0x62870000 - 0x62bbc000 	C:\Program Files\Java\jre7\bin\client\jvm.dll
0x6c0b0000 - 0x6c0b7000 	C:\Windows\system32\WSOCK32.dll
0x75030000 - 0x7505d000 	C:\Windows\system32\WS2_32.dll
0x766c0000 - 0x766c6000 	C:\Windows\system32\NSI.dll
0x73480000 - 0x734b3000 	C:\Windows\system32\WINMM.dll
0x75110000 - 0x75254000 	C:\Windows\system32\ole32.dll
0x76150000 - 0x761dc000 	C:\Windows\system32\OLEAUT32.dll
0x73440000 - 0x73478000 	C:\Windows\system32\OLEACC.dll
0x74e70000 - 0x74e77000 	C:\Windows\system32\PSAPI.DLL
0x6eca0000 - 0x6ecac000 	C:\Program Files\Java\jre7\bin\verify.dll
0x6e670000 - 0x6e690000 	C:\Program Files\Java\jre7\bin\java.dll
0x6e690000 - 0x6e6a3000 	C:\Program Files\Java\jre7\bin\zip.dll
0x70f50000 - 0x7102c000 	C:\Windows\system32\dbghelp.dll

VM Arguments:
jvm_args: -Dfile.encoding=Cp1252 -Xbootclasspath:C:\Users\Edu\Desktop\pincho_david\Eclipse_Android\sdk_android\platforms\android-14\android.jar 
java_command: com.eduhern.dbquiz.database.DatabaseConfigUtil
Launcher Type: SUN_STANDARD

Environment Variables:
PATH=C:/Program Files/Java/jre7/bin/client;C:/Program Files/Java/jre7/bin;C:/Program Files/Java/jre7/lib/i386;C:\Windows\system32;C:\Windows;C:\Windows\System32\Wbem;C:\Program Files\Common Files\Roxio Shared\DLLShared\;C:\Program Files\Common Files\Roxio Shared\DLLShared\;C:\Program Files\Common Files\Roxio Shared\9.0\DLLShared\;C:\Users\Edu\Desktop\pincho_david\Eclipse_Android\sdk_android\platform-tools;C:\Users\Edu\Desktop\pincho_david\Eclipse_Android\eclipse;
USERNAME=Edu
OS=Windows_NT
PROCESSOR_IDENTIFIER=x86 Family 6 Model 15 Stepping 10, GenuineIntel



---------------  S Y S T E M  ---------------

OS: Windows Vista Build 6000 

CPU:total 2 (2 cores per cpu, 1 threads per core) family 6 model 15 stepping 10, cmov, cx8, fxsr, mmx, sse, sse2, sse3, ssse3, tsc

Memory: 4k page, physical 2094912k(178440k free), swap 4430516k(1369008k free)

vm_info: Java HotSpot(TM) Client VM (23.3-b01) for windows-x86 JRE (1.7.0_07-b11), built on Sep  7 2012 01:40:56 by "java_re" with unknown MS VC++:1600

time: Sun Feb 24 20:03:56 2013
elapsed time: 0 seconds

